[38;5;112m[Appium][0m Welcome to Appium v2.12.0
[38;5;112m[Appium][0m Non-default server args:
[38;5;112m[Appium][0m { basePath: [32m'/wd/hub'[39m, loglevel: [32m'info'[39m, port: [33m49538[39m }
[38;5;112m[Appium][0m Attempting to load driver uiautomator2...
[38;5;112m[Appium][0m Attempting to load driver xcuitest...
[38;5;112m[Appium][0m Appium REST http interface listener started on http://0.0.0.0:49538/wd/hub
[38;5;112m[Appium][0m You can provide the following URLs in your client code to connect to this server:
	http://127.0.0.1:49538/wd/hub (only accessible from the same host)
	http://10.0.0.86:49538/wd/hub
[38;5;112m[Appium][0m Available drivers:
[38;5;112m[Appium][0m   - uiautomator2@2.45.1 (automationName 'UiAutomator2')
[38;5;112m[Appium][0m   - xcuitest@5.0.0 (automationName 'XCUITest')
[38;5;112m[Appium][0m No plugins have been installed. Use the "appium plugin" command to install the one(s) you want to use.
[38;5;86m[HTTP][0m [37m-->[39m [37mGET[39m [37m/wd/hub/status[39m {}
[38;5;86m[HTTP][0m <-- GET /wd/hub/status 200 2 ms - 111 
[38;5;86m[HTTP][0m [37m-->[39m [37mGET[39m [37m/wd/hub/status[39m {}
[38;5;86m[HTTP][0m <-- GET /wd/hub/status 200 1 ms - 111 
[38;5;86m[HTTP][0m [37m-->[39m [37mPOST[39m [37m/wd/hub/session[39m {"desiredCapabilities":{"appium:systemPort":49557,"appium:newCommandTimeout":1800,"appium:automationName":"uiautomator2","appium:fullReset":false,"appium:platformVersion":"15","appium:noReset":true,"appium:udid":"emulator-5554","appium:autoGrantPermissions":true,"appium:platformName":"ANDROID","appium:deviceName":"emulator-5554 (sdk_gphone64_arm64 - Android 15)","platformName":"Android","appium:app":"/Users/maxle/Documents/Android Testing Apps/ApiDemos-WhiteScreen.apk"},"capabilities":{"firstMatch":[{"appium:app":"/Users/maxle/Documents/Android Testing Apps/ApiDemos-WhiteScreen.apk","appium:autoGrantPermissions":true,"appium:automationName":"uiautomator2","appium:deviceName":"emulator-5554 (sdk_gphone64_arm64 - Android 15)","appium:fullReset":false,"appium:newCommandTimeout":1800,"appium:noReset":true,"appium:platformName":"ANDROID","appium:platformVersion":"15","appium:systemPort":49557,"appium:udid":"emulator-5554","platformName":"android"}]}}
[38;5;123m[BaseDriver][0m Ignoring capability 'appium:platformName=ANDROID' and using capability 'platformName=android'
[38;5;123m[BaseDriver][0m The capabilities ["platformName"] are standard capabilities and do not require "appium:" prefix
[38;5;112m[Appium][0m Attempting to find matching driver for automationName 'uiautomator2' and platformName 'android'
[38;5;112m[Appium][0m The 'uiautomator2' driver was installed and matched caps.
[38;5;112m[Appium][0m Will require it at /Users/maxle/.appium/node_modules/appium-uiautomator2-driver
[38;5;91m[AppiumDriver@1e3f][0m Appium v2.12.0 creating new AndroidUiautomator2Driver (v2.45.1) session
[38;5;91m[AppiumDriver@1e3f][0m Checking BaseDriver versions for Appium and AndroidUiautomator2Driver
[38;5;91m[AppiumDriver@1e3f][0m Appium's BaseDriver version is 9.12.0
[38;5;91m[AppiumDriver@1e3f][0m AndroidUiautomator2Driver's BaseDriver version is 9.12.0
[38;5;87m[091fdbe4][0m[38;5;-122m[AndroidUiautomator2Driver@6e2d][0m Session created with session id: 091fdbe4-76d0-4409-8a89-79dce973991b
[38;5;87m[091fdbe4][0m[38;5;229m[ADB][0m Found 1 'build-tools' folders under '/Users/maxle/.katalon/tools/android_sdk' (newest first):
[38;5;87m[091fdbe4][0m[38;5;229m[ADB][0m     /Users/maxle/.katalon/tools/android_sdk/build-tools/29.0.3
[38;5;87m[091fdbe4][0m[38;5;229m[ADB][0m Using 'adb' from '/Users/maxle/.katalon/tools/android_sdk/platform-tools/adb'
[38;5;87m[091fdbe4][0m[38;5;-122m[AndroidUiautomator2Driver@6e2d][0m Retrieving device list
[38;5;87m[091fdbe4][0m[38;5;-122m[AndroidUiautomator2Driver@6e2d][0m Using device: emulator-5554
[38;5;87m[091fdbe4][0m[38;5;229m[ADB][0m Using 'adb' from '/Users/maxle/.katalon/tools/android_sdk/platform-tools/adb'
[38;5;87m[091fdbe4][0m[38;5;123m[BaseDriver][0m Using local app '/Users/maxle/Documents/Android Testing Apps/ApiDemos-WhiteScreen.apk'
[38;5;87m[091fdbe4][0m[38;5;229m[ADB][0m Getting device platform version
[38;5;87m[091fdbe4][0m[38;5;-122m[AndroidUiautomator2Driver@6e2d][0m Relaxing hidden api policy
[38;5;87m[091fdbe4][0m[38;5;229m[ADB][0m Package name: 'io.appium.android.apis'
[38;5;87m[091fdbe4][0m[38;5;229m[ADB][0m Main activity name: 'io.appium.android.apis.ApiDemos'
[38;5;87m[091fdbe4][0m[38;5;229m[ADB][0m Using 'apksigner.jar' from '/Users/maxle/.katalon/tools/android_sdk/build-tools/29.0.3/lib/apksigner.jar'
[38;5;87m[091fdbe4][0m[38;5;229m[ADB][0m '/Users/maxle/.appium/node_modules/appium-uiautomator2-driver/node_modules/appium-uiautomator2-server/apks/appium-uiautomator2-server-debug-androidTest.apk' is signed with the default certificate
[38;5;87m[091fdbe4][0m[38;5;229m[ADB][0m '/Users/maxle/Documents/Android Testing Apps/ApiDemos-WhiteScreen.apk' is signed with the default certificate
[38;5;87m[091fdbe4][0m[38;5;229m[ADB][0m The application at '/Users/maxle/Documents/Android Testing Apps/ApiDemos-WhiteScreen.apk' will not be cached, because the device under test has confirmed the support of streamed installs
[38;5;87m[091fdbe4][0m[38;5;229m[ADB][0m '/Users/maxle/.appium/node_modules/appium-uiautomator2-driver/node_modules/appium-uiautomator2-server/apks/appium-uiautomator2-server-v6.0.9.apk' is signed with the default certificate
[38;5;87m[091fdbe4][0m[38;5;-122m[AndroidUiautomator2Driver@6e2d][0m Server packages are not going to be (re)installed
[38;5;87m[091fdbe4][0m[38;5;229m[ADB][0m Adding packages ["io.appium.settings","io.appium.uiautomator2.server","io.appium.uiautomator2.server.test"] to Doze whitelist
[38;5;87m[091fdbe4][0m[38;5;229m[ADB][0m The installation of 'ApiDemos-WhiteScreen.apk' took 283ms
[38;5;87m[091fdbe4][0m[38;5;-122m[AndroidUiautomator2Driver@6e2d][0m Starting UIAutomator2 server 6.0.9
[38;5;87m[091fdbe4][0m[38;5;-122m[AndroidUiautomator2Driver@6e2d][0m Using UIAutomator2 server from '/Users/maxle/.appium/node_modules/appium-uiautomator2-driver/node_modules/appium-uiautomator2-server/apks/appium-uiautomator2-server-v6.0.9.apk' and test from '/Users/maxle/.appium/node_modules/appium-uiautomator2-driver/node_modules/appium-uiautomator2-server/apks/appium-uiautomator2-server-debug-androidTest.apk'
[38;5;87m[091fdbe4][0m[38;5;-122m[AndroidUiautomator2Driver@6e2d][0m Waiting up to 30000ms for UiAutomator2 to be online...
[38;5;87m[091fdbe4][0m[38;5;-122m[AndroidUiautomator2Driver@6e2d][0m socket hang up
[38;5;87m[091fdbe4][0m[38;5;-122m[AndroidUiautomator2Driver@6e2d][0m socket hang up
[38;5;87m[091fdbe4][0m[38;5;-122m[AndroidUiautomator2Driver@6e2d][0m socket hang up
[38;5;87m[091fdbe4][0m[38;5;-122m[AndroidUiautomator2Driver@6e2d][0m Determined the downstream protocol as 'W3C'
[38;5;87m[091fdbe4][0m[38;5;-122m[AndroidUiautomator2Driver@6e2d][0m Screen already unlocked, doing nothing
[38;5;87m[091fdbe4][0m[38;5;-122m[AndroidUiautomator2Driver@6e2d][0m Starting 'io.appium.android.apis/io.appium.android.apis.ApiDemos and waiting for 'io.appium.android.apis/io.appium.android.apis.ApiDemos'
[38;5;87m[091fdbe4][0m[38;5;91m[AppiumDriver@1e3f][0m New AndroidUiautomator2Driver session created successfully, session 091fdbe4-76d0-4409-8a89-79dce973991b added to master session list
[38;5;87m[091fdbe4][0m[38;5;86m[HTTP][0m <-- POST /wd/hub/session 200 8033 ms - 1256 
[38;5;87m[091fdbe4][0m[38;5;86m[HTTP][0m [37m-->[39m [37mGET[39m [37m/wd/hub/session/091fdbe4-76d0-4409-8a89-79dce973991b[39m {}
[38;5;87m[091fdbe4][0m[38;5;86m[HTTP][0m <-- GET /wd/hub/session/091fdbe4-76d0-4409-8a89-79dce973991b 200 30 ms - 381 
[38;5;87m[091fdbe4][0m[38;5;86m[HTTP][0m [37m-->[39m [37mGET[39m [37m/wd/hub/session/091fdbe4-76d0-4409-8a89-79dce973991b[39m {}
[38;5;87m[091fdbe4][0m[38;5;86m[HTTP][0m <-- GET /wd/hub/session/091fdbe4-76d0-4409-8a89-79dce973991b 200 8 ms - 381 
[38;5;86m[HTTP][0m [37m-->[39m [37mGET[39m [37m/wd/hub/status[39m {}
[38;5;86m[HTTP][0m <-- GET /wd/hub/status 200 1 ms - 111 
[38;5;87m[091fdbe4][0m[38;5;86m[HTTP][0m [37m-->[39m [37mPOST[39m [37m/wd/hub/session/091fdbe4-76d0-4409-8a89-79dce973991b/timeouts[39m {"implicit":60000}
[38;5;87m[091fdbe4][0m[38;5;86m[HTTP][0m <-- POST /wd/hub/session/091fdbe4-76d0-4409-8a89-79dce973991b/timeouts 200 2 ms - 14 
[38;5;87m[091fdbe4][0m[38;5;86m[HTTP][0m [37m-->[39m [37mGET[39m [37m/wd/hub/session/091fdbe4-76d0-4409-8a89-79dce973991b/source[39m {}
[38;5;87m[091fdbe4][0m[38;5;-122m[AndroidUiautomator2Driver@6e2d][0m Driver proxy active, passing request on via HTTP proxy
[38;5;87m[091fdbe4][0m[38;5;-122m[AndroidUiautomator2Driver@6e2d][0m Replacing sessionId 7206702b-b48f-46be-9deb-79cd75553497 with 091fdbe4-76d0-4409-8a89-79dce973991b
[38;5;87m[091fdbe4][0m[38;5;86m[HTTP][0m <-- GET /wd/hub/session/091fdbe4-76d0-4409-8a89-79dce973991b/source 200 659 ms - 8991 
[38;5;87m[091fdbe4][0m[38;5;86m[HTTP][0m [37m-->[39m [37mGET[39m [37m/wd/hub/session/091fdbe4-76d0-4409-8a89-79dce973991b/screenshot[39m {}
[38;5;87m[091fdbe4][0m[38;5;86m[HTTP][0m <-- GET /wd/hub/session/091fdbe4-76d0-4409-8a89-79dce973991b/screenshot 200 269 ms - 116052 
[38;5;87m[091fdbe4][0m[38;5;86m[HTTP][0m [37m-->[39m [37mGET[39m [37m/wd/hub/session/091fdbe4-76d0-4409-8a89-79dce973991b/window/rect[39m {}
[38;5;87m[091fdbe4][0m[38;5;86m[HTTP][0m <-- GET /wd/hub/session/091fdbe4-76d0-4409-8a89-79dce973991b/window/rect 200 17 ms - 50 
[38;5;87m[091fdbe4][0m[38;5;86m[HTTP][0m [37m-->[39m [37mPOST[39m [37m/wd/hub/session/091fdbe4-76d0-4409-8a89-79dce973991b/elements[39m {"using":"xpath","value":"//*[@class = 'android.widget.TextView' and (@text = 'Accessibility' or . = 'Accessibility') and @resource-id = 'android:id/text1']"}
[38;5;87m[091fdbe4][0m[38;5;86m[HTTP][0m <-- POST /wd/hub/session/091fdbe4-76d0-4409-8a89-79dce973991b/elements 200 432 ms - 139 
[38;5;87m[091fdbe4][0m[38;5;86m[HTTP][0m [37m-->[39m [37mGET[39m [37m/wd/hub/session/091fdbe4-76d0-4409-8a89-79dce973991b/element/00000000-0000-000a-ffff-ffff0000000a/location[39m {}
[38;5;87m[091fdbe4][0m[38;5;-122m[AndroidUiautomator2Driver@6e2d][0m Driver proxy active, passing request on via HTTP proxy
[38;5;87m[091fdbe4][0m[38;5;-122m[AndroidUiautomator2Driver@6e2d][0m Replacing sessionId 7206702b-b48f-46be-9deb-79cd75553497 with 091fdbe4-76d0-4409-8a89-79dce973991b
[38;5;87m[091fdbe4][0m[38;5;86m[HTTP][0m <-- GET /wd/hub/session/091fdbe4-76d0-4409-8a89-79dce973991b/element/00000000-0000-000a-ffff-ffff0000000a/location 200 19 ms - 76 
[38;5;87m[091fdbe4][0m[38;5;86m[HTTP][0m [37m-->[39m [37mPOST[39m [37m/wd/hub/session/091fdbe4-76d0-4409-8a89-79dce973991b/element/00000000-0000-000a-ffff-ffff0000000a/click[39m {"id":"00000000-0000-000a-ffff-ffff0000000a"}
[38;5;87m[091fdbe4][0m[38;5;86m[HTTP][0m <-- POST /wd/hub/session/091fdbe4-76d0-4409-8a89-79dce973991b/element/00000000-0000-000a-ffff-ffff0000000a/click 200 1332 ms - 14 
[38;5;87m[091fdbe4][0m[38;5;86m[HTTP][0m [37m-->[39m [37mGET[39m [37m/wd/hub/session/091fdbe4-76d0-4409-8a89-79dce973991b/source[39m {}
[38;5;87m[091fdbe4][0m[38;5;-122m[AndroidUiautomator2Driver@6e2d][0m Driver proxy active, passing request on via HTTP proxy
[38;5;87m[091fdbe4][0m[38;5;-122m[AndroidUiautomator2Driver@6e2d][0m Replacing sessionId 7206702b-b48f-46be-9deb-79cd75553497 with 091fdbe4-76d0-4409-8a89-79dce973991b
[38;5;87m[091fdbe4][0m[38;5;86m[HTTP][0m <-- GET /wd/hub/session/091fdbe4-76d0-4409-8a89-79dce973991b/source 200 70 ms - 5565 
[38;5;87m[091fdbe4][0m[38;5;86m[HTTP][0m [37m-->[39m [37mGET[39m [37m/wd/hub/session/091fdbe4-76d0-4409-8a89-79dce973991b/screenshot[39m {}
[38;5;87m[091fdbe4][0m[38;5;86m[HTTP][0m <-- GET /wd/hub/session/091fdbe4-76d0-4409-8a89-79dce973991b/screenshot 200 203 ms - 105060 
[38;5;87m[091fdbe4][0m[38;5;86m[HTTP][0m [37m-->[39m [37mGET[39m [37m/wd/hub/session/091fdbe4-76d0-4409-8a89-79dce973991b/context[39m {}
[38;5;87m[091fdbe4][0m[38;5;86m[HTTP][0m <-- GET /wd/hub/session/091fdbe4-76d0-4409-8a89-79dce973991b/context 200 1 ms - 22 
[38;5;87m[091fdbe4][0m[38;5;86m[HTTP][0m [37m-->[39m [37mGET[39m [37m/wd/hub/session/091fdbe4-76d0-4409-8a89-79dce973991b/contexts[39m {}
[38;5;87m[091fdbe4][0m[38;5;86m[HTTP][0m <-- GET /wd/hub/session/091fdbe4-76d0-4409-8a89-79dce973991b/contexts 200 281 ms - 24 
[38;5;87m[091fdbe4][0m[38;5;86m[HTTP][0m [37m-->[39m [37mPOST[39m [37m/wd/hub/session/091fdbe4-76d0-4409-8a89-79dce973991b/context[39m {"name":"NATIVE_APP"}
[38;5;87m[091fdbe4][0m[38;5;86m[HTTP][0m <-- POST /wd/hub/session/091fdbe4-76d0-4409-8a89-79dce973991b/context 200 1 ms - 14 
[38;5;87m[091fdbe4][0m[38;5;86m[HTTP][0m [37m-->[39m [37mPOST[39m [37m/wd/hub/session/091fdbe4-76d0-4409-8a89-79dce973991b/appium/device/press_keycode[39m {"keycode":4}
[38;5;87m[091fdbe4][0m[38;5;86m[HTTP][0m <-- POST /wd/hub/session/091fdbe4-76d0-4409-8a89-79dce973991b/appium/device/press_keycode 200 615 ms - 14 
[38;5;87m[091fdbe4][0m[38;5;86m[HTTP][0m [37m-->[39m [37mPOST[39m [37m/wd/hub/session/091fdbe4-76d0-4409-8a89-79dce973991b/context[39m {"name":"NATIVE_APP"}
[38;5;87m[091fdbe4][0m[38;5;86m[HTTP][0m <-- POST /wd/hub/session/091fdbe4-76d0-4409-8a89-79dce973991b/context 200 2 ms - 14 
[38;5;87m[091fdbe4][0m[38;5;86m[HTTP][0m [37m-->[39m [37mGET[39m [37m/wd/hub/session/091fdbe4-76d0-4409-8a89-79dce973991b/source[39m {}
[38;5;87m[091fdbe4][0m[38;5;-122m[AndroidUiautomator2Driver@6e2d][0m Driver proxy active, passing request on via HTTP proxy
[38;5;87m[091fdbe4][0m[38;5;-122m[AndroidUiautomator2Driver@6e2d][0m Replacing sessionId 7206702b-b48f-46be-9deb-79cd75553497 with 091fdbe4-76d0-4409-8a89-79dce973991b
[38;5;87m[091fdbe4][0m[38;5;86m[HTTP][0m <-- GET /wd/hub/session/091fdbe4-76d0-4409-8a89-79dce973991b/source 200 25 ms - 8991 
[38;5;87m[091fdbe4][0m[38;5;86m[HTTP][0m [37m-->[39m [37mGET[39m [37m/wd/hub/session/091fdbe4-76d0-4409-8a89-79dce973991b/screenshot[39m {}
[38;5;87m[091fdbe4][0m[38;5;86m[HTTP][0m <-- GET /wd/hub/session/091fdbe4-76d0-4409-8a89-79dce973991b/screenshot 200 177 ms - 118728 
[38;5;87m[091fdbe4][0m[38;5;86m[HTTP][0m [37m-->[39m [37mDELETE[39m [37m/wd/hub/session/091fdbe4-76d0-4409-8a89-79dce973991b[39m {}
[38;5;87m[091fdbe4][0m[38;5;91m[AppiumDriver@1e3f][0m Removing session 091fdbe4-76d0-4409-8a89-79dce973991b from our master session list
[38;5;87m[091fdbe4][0m[38;5;-122m[AndroidUiautomator2Driver@6e2d][0m Restoring hidden api policy to the device default configuration
[38;5;87m[091fdbe4][0m[38;5;86m[HTTP][0m <-- DELETE /wd/hub/session/091fdbe4-76d0-4409-8a89-79dce973991b 200 179 ms - 14 
[38;5;112m[Appium][0m Received SIGTERM - shutting down
[38;5;86m[HTTP][0m Closing Appium HTTP server
[38;5;86m[HTTP][0m Appium HTTP server has been succesfully closed after 0ms
